<?xml version="1.0" encoding="UTF-8"?>
<testsuite xmlns:xsi="http://www.w3.org/2001/XMLSchema-instance" xsi:noNamespaceSchemaLocation="https://maven.apache.org/surefire/maven-surefire-plugin/xsd/surefire-test-report.xsd" name="com.zjj.VueadminJavaApplicationTests" time="8.691" tests="1" errors="0" skipped="0" failures="0">
  <properties>
    <property name="gopherProxySet" value="false"/>
    <property name="awt.toolkit" value="sun.lwawt.macosx.LWCToolkit"/>
    <property name="http.proxyHost" value="127.0.0.1"/>
    <property name="file.encoding.pkg" value="sun.io"/>
    <property name="java.specification.version" value="1.8"/>
    <property name="sun.cpu.isalist" value=""/>
    <property name="sun.jnu.encoding" value="UTF-8"/>
    <property name="java.class.path" value="/Users/wulinxin/Desktop/党建/2022059166-02 素材与源码/2022059166-02 素材与源码/国赛/2022059166-管理后台代码/vueadmin-java/vueadmin-java/target/test-classes:/Users/wulinxin/Desktop/党建/2022059166-02 素材与源码/2022059166-02 素材与源码/国赛/2022059166-管理后台代码/vueadmin-java/vueadmin-java/target/classes:/opt/homebrew/Cellar/maven/3.9.6/libexec/mvn_resp/org/springframework/boot/spring-boot-starter-web/2.6.6/spring-boot-starter-web-2.6.6.jar:/opt/homebrew/Cellar/maven/3.9.6/libexec/mvn_resp/org/springframework/boot/spring-boot-starter/2.6.6/spring-boot-starter-2.6.6.jar:/opt/homebrew/Cellar/maven/3.9.6/libexec/mvn_resp/org/springframework/boot/spring-boot-starter-logging/2.6.6/spring-boot-starter-logging-2.6.6.jar:/opt/homebrew/Cellar/maven/3.9.6/libexec/mvn_resp/ch/qos/logback/logback-classic/1.2.11/logback-classic-1.2.11.jar:/opt/homebrew/Cellar/maven/3.9.6/libexec/mvn_resp/ch/qos/logback/logback-core/1.2.11/logback-core-1.2.11.jar:/opt/homebrew/Cellar/maven/3.9.6/libexec/mvn_resp/org/apache/logging/log4j/log4j-to-slf4j/2.17.2/log4j-to-slf4j-2.17.2.jar:/opt/homebrew/Cellar/maven/3.9.6/libexec/mvn_resp/org/apache/logging/log4j/log4j-api/2.17.2/log4j-api-2.17.2.jar:/opt/homebrew/Cellar/maven/3.9.6/libexec/mvn_resp/org/slf4j/jul-to-slf4j/1.7.36/jul-to-slf4j-1.7.36.jar:/opt/homebrew/Cellar/maven/3.9.6/libexec/mvn_resp/jakarta/annotation/jakarta.annotation-api/1.3.5/jakarta.annotation-api-1.3.5.jar:/opt/homebrew/Cellar/maven/3.9.6/libexec/mvn_resp/org/yaml/snakeyaml/1.29/snakeyaml-1.29.jar:/opt/homebrew/Cellar/maven/3.9.6/libexec/mvn_resp/org/springframework/boot/spring-boot-starter-json/2.6.6/spring-boot-starter-json-2.6.6.jar:/opt/homebrew/Cellar/maven/3.9.6/libexec/mvn_resp/com/fasterxml/jackson/datatype/jackson-datatype-jdk8/2.13.2/jackson-datatype-jdk8-2.13.2.jar:/opt/homebrew/Cellar/maven/3.9.6/libexec/mvn_resp/com/fasterxml/jackson/datatype/jackson-datatype-jsr310/2.13.2/jackson-datatype-jsr310-2.13.2.jar:/opt/homebrew/Cellar/maven/3.9.6/libexec/mvn_resp/com/fasterxml/jackson/module/jackson-module-parameter-names/2.13.2/jackson-module-parameter-names-2.13.2.jar:/opt/homebrew/Cellar/maven/3.9.6/libexec/mvn_resp/org/springframework/boot/spring-boot-starter-tomcat/2.6.6/spring-boot-starter-tomcat-2.6.6.jar:/opt/homebrew/Cellar/maven/3.9.6/libexec/mvn_resp/org/apache/tomcat/embed/tomcat-embed-core/9.0.60/tomcat-embed-core-9.0.60.jar:/opt/homebrew/Cellar/maven/3.9.6/libexec/mvn_resp/org/apache/tomcat/embed/tomcat-embed-websocket/9.0.60/tomcat-embed-websocket-9.0.60.jar:/opt/homebrew/Cellar/maven/3.9.6/libexec/mvn_resp/org/springframework/spring-web/5.3.18/spring-web-5.3.18.jar:/opt/homebrew/Cellar/maven/3.9.6/libexec/mvn_resp/org/springframework/spring-beans/5.3.18/spring-beans-5.3.18.jar:/opt/homebrew/Cellar/maven/3.9.6/libexec/mvn_resp/org/springframework/spring-webmvc/5.3.18/spring-webmvc-5.3.18.jar:/opt/homebrew/Cellar/maven/3.9.6/libexec/mvn_resp/org/springframework/spring-context/5.3.18/spring-context-5.3.18.jar:/opt/homebrew/Cellar/maven/3.9.6/libexec/mvn_resp/org/springframework/spring-expression/5.3.18/spring-expression-5.3.18.jar:/opt/homebrew/Cellar/maven/3.9.6/libexec/mvn_resp/org/springframework/boot/spring-boot-devtools/2.6.6/spring-boot-devtools-2.6.6.jar:/opt/homebrew/Cellar/maven/3.9.6/libexec/mvn_resp/org/springframework/boot/spring-boot/2.6.6/spring-boot-2.6.6.jar:/opt/homebrew/Cellar/maven/3.9.6/libexec/mvn_resp/org/springframework/boot/spring-boot-autoconfigure/2.6.6/spring-boot-autoconfigure-2.6.6.jar:/opt/homebrew/Cellar/maven/3.9.6/libexec/mvn_resp/org/springframework/boot/spring-boot-starter-security/2.6.6/spring-boot-starter-security-2.6.6.jar:/opt/homebrew/Cellar/maven/3.9.6/libexec/mvn_resp/org/springframework/spring-aop/5.3.18/spring-aop-5.3.18.jar:/opt/homebrew/Cellar/maven/3.9.6/libexec/mvn_resp/org/springframework/security/spring-security-config/5.6.2/spring-security-config-5.6.2.jar:/opt/homebrew/Cellar/maven/3.9.6/libexec/mvn_resp/org/springframework/security/spring-security-core/5.6.2/spring-security-core-5.6.2.jar:/opt/homebrew/Cellar/maven/3.9.6/libexec/mvn_resp/org/springframework/security/spring-security-crypto/5.6.2/spring-security-crypto-5.6.2.jar:/opt/homebrew/Cellar/maven/3.9.6/libexec/mvn_resp/org/springframework/security/spring-security-web/5.6.2/spring-security-web-5.6.2.jar:/opt/homebrew/Cellar/maven/3.9.6/libexec/mvn_resp/org/springframework/boot/spring-boot-starter-data-redis/2.6.6/spring-boot-starter-data-redis-2.6.6.jar:/opt/homebrew/Cellar/maven/3.9.6/libexec/mvn_resp/org/springframework/data/spring-data-redis/2.6.3/spring-data-redis-2.6.3.jar:/opt/homebrew/Cellar/maven/3.9.6/libexec/mvn_resp/org/springframework/data/spring-data-keyvalue/2.6.3/spring-data-keyvalue-2.6.3.jar:/opt/homebrew/Cellar/maven/3.9.6/libexec/mvn_resp/org/springframework/data/spring-data-commons/2.6.3/spring-data-commons-2.6.3.jar:/opt/homebrew/Cellar/maven/3.9.6/libexec/mvn_resp/org/springframework/spring-tx/5.3.18/spring-tx-5.3.18.jar:/opt/homebrew/Cellar/maven/3.9.6/libexec/mvn_resp/org/springframework/spring-oxm/5.3.18/spring-oxm-5.3.18.jar:/opt/homebrew/Cellar/maven/3.9.6/libexec/mvn_resp/org/springframework/spring-context-support/5.3.18/spring-context-support-5.3.18.jar:/opt/homebrew/Cellar/maven/3.9.6/libexec/mvn_resp/org/slf4j/slf4j-api/1.7.36/slf4j-api-1.7.36.jar:/opt/homebrew/Cellar/maven/3.9.6/libexec/mvn_resp/io/lettuce/lettuce-core/6.1.8.RELEASE/lettuce-core-6.1.8.RELEASE.jar:/opt/homebrew/Cellar/maven/3.9.6/libexec/mvn_resp/io/netty/netty-common/4.1.75.Final/netty-common-4.1.75.Final.jar:/opt/homebrew/Cellar/maven/3.9.6/libexec/mvn_resp/io/netty/netty-handler/4.1.75.Final/netty-handler-4.1.75.Final.jar:/opt/homebrew/Cellar/maven/3.9.6/libexec/mvn_resp/io/netty/netty-resolver/4.1.75.Final/netty-resolver-4.1.75.Final.jar:/opt/homebrew/Cellar/maven/3.9.6/libexec/mvn_resp/io/netty/netty-buffer/4.1.75.Final/netty-buffer-4.1.75.Final.jar:/opt/homebrew/Cellar/maven/3.9.6/libexec/mvn_resp/io/netty/netty-codec/4.1.75.Final/netty-codec-4.1.75.Final.jar:/opt/homebrew/Cellar/maven/3.9.6/libexec/mvn_resp/io/netty/netty-transport/4.1.75.Final/netty-transport-4.1.75.Final.jar:/opt/homebrew/Cellar/maven/3.9.6/libexec/mvn_resp/io/projectreactor/reactor-core/3.4.16/reactor-core-3.4.16.jar:/opt/homebrew/Cellar/maven/3.9.6/libexec/mvn_resp/org/reactivestreams/reactive-streams/1.0.3/reactive-streams-1.0.3.jar:/opt/homebrew/Cellar/maven/3.9.6/libexec/mvn_resp/org/projectlombok/lombok/1.18.22/lombok-1.18.22.jar:/opt/homebrew/Cellar/maven/3.9.6/libexec/mvn_resp/org/springframework/boot/spring-boot-starter-test/2.6.6/spring-boot-starter-test-2.6.6.jar:/opt/homebrew/Cellar/maven/3.9.6/libexec/mvn_resp/org/springframework/boot/spring-boot-test/2.6.6/spring-boot-test-2.6.6.jar:/opt/homebrew/Cellar/maven/3.9.6/libexec/mvn_resp/org/springframework/boot/spring-boot-test-autoconfigure/2.6.6/spring-boot-test-autoconfigure-2.6.6.jar:/opt/homebrew/Cellar/maven/3.9.6/libexec/mvn_resp/com/jayway/jsonpath/json-path/2.6.0/json-path-2.6.0.jar:/opt/homebrew/Cellar/maven/3.9.6/libexec/mvn_resp/net/minidev/json-smart/2.4.8/json-smart-2.4.8.jar:/opt/homebrew/Cellar/maven/3.9.6/libexec/mvn_resp/net/minidev/accessors-smart/2.4.8/accessors-smart-2.4.8.jar:/opt/homebrew/Cellar/maven/3.9.6/libexec/mvn_resp/org/ow2/asm/asm/9.1/asm-9.1.jar:/opt/homebrew/Cellar/maven/3.9.6/libexec/mvn_resp/jakarta/xml/bind/jakarta.xml.bind-api/2.3.3/jakarta.xml.bind-api-2.3.3.jar:/opt/homebrew/Cellar/maven/3.9.6/libexec/mvn_resp/jakarta/activation/jakarta.activation-api/1.2.2/jakarta.activation-api-1.2.2.jar:/opt/homebrew/Cellar/maven/3.9.6/libexec/mvn_resp/org/assertj/assertj-core/3.21.0/assertj-core-3.21.0.jar:/opt/homebrew/Cellar/maven/3.9.6/libexec/mvn_resp/org/hamcrest/hamcrest/2.2/hamcrest-2.2.jar:/opt/homebrew/Cellar/maven/3.9.6/libexec/mvn_resp/org/junit/jupiter/junit-jupiter/5.8.2/junit-jupiter-5.8.2.jar:/opt/homebrew/Cellar/maven/3.9.6/libexec/mvn_resp/org/junit/jupiter/junit-jupiter-api/5.8.2/junit-jupiter-api-5.8.2.jar:/opt/homebrew/Cellar/maven/3.9.6/libexec/mvn_resp/org/opentest4j/opentest4j/1.2.0/opentest4j-1.2.0.jar:/opt/homebrew/Cellar/maven/3.9.6/libexec/mvn_resp/org/junit/platform/junit-platform-commons/1.8.2/junit-platform-commons-1.8.2.jar:/opt/homebrew/Cellar/maven/3.9.6/libexec/mvn_resp/org/apiguardian/apiguardian-api/1.1.2/apiguardian-api-1.1.2.jar:/opt/homebrew/Cellar/maven/3.9.6/libexec/mvn_resp/org/junit/jupiter/junit-jupiter-params/5.8.2/junit-jupiter-params-5.8.2.jar:/opt/homebrew/Cellar/maven/3.9.6/libexec/mvn_resp/org/junit/jupiter/junit-jupiter-engine/5.8.2/junit-jupiter-engine-5.8.2.jar:/opt/homebrew/Cellar/maven/3.9.6/libexec/mvn_resp/org/junit/platform/junit-platform-engine/1.8.2/junit-platform-engine-1.8.2.jar:/opt/homebrew/Cellar/maven/3.9.6/libexec/mvn_resp/org/mockito/mockito-core/4.0.0/mockito-core-4.0.0.jar:/opt/homebrew/Cellar/maven/3.9.6/libexec/mvn_resp/net/bytebuddy/byte-buddy/1.11.22/byte-buddy-1.11.22.jar:/opt/homebrew/Cellar/maven/3.9.6/libexec/mvn_resp/net/bytebuddy/byte-buddy-agent/1.11.22/byte-buddy-agent-1.11.22.jar:/opt/homebrew/Cellar/maven/3.9.6/libexec/mvn_resp/org/objenesis/objenesis/3.2/objenesis-3.2.jar:/opt/homebrew/Cellar/maven/3.9.6/libexec/mvn_resp/org/mockito/mockito-junit-jupiter/4.0.0/mockito-junit-jupiter-4.0.0.jar:/opt/homebrew/Cellar/maven/3.9.6/libexec/mvn_resp/org/skyscreamer/jsonassert/1.5.0/jsonassert-1.5.0.jar:/opt/homebrew/Cellar/maven/3.9.6/libexec/mvn_resp/com/vaadin/external/google/android-json/0.0.20131108.vaadin1/android-json-0.0.20131108.vaadin1.jar:/opt/homebrew/Cellar/maven/3.9.6/libexec/mvn_resp/org/springframework/spring-core/5.3.18/spring-core-5.3.18.jar:/opt/homebrew/Cellar/maven/3.9.6/libexec/mvn_resp/org/springframework/spring-jcl/5.3.18/spring-jcl-5.3.18.jar:/opt/homebrew/Cellar/maven/3.9.6/libexec/mvn_resp/org/springframework/spring-test/5.3.18/spring-test-5.3.18.jar:/opt/homebrew/Cellar/maven/3.9.6/libexec/mvn_resp/org/xmlunit/xmlunit-core/2.8.4/xmlunit-core-2.8.4.jar:/opt/homebrew/Cellar/maven/3.9.6/libexec/mvn_resp/com/baomidou/mybatis-plus-boot-starter/3.5.1/mybatis-plus-boot-starter-3.5.1.jar:/opt/homebrew/Cellar/maven/3.9.6/libexec/mvn_resp/com/baomidou/mybatis-plus/3.5.1/mybatis-plus-3.5.1.jar:/opt/homebrew/Cellar/maven/3.9.6/libexec/mvn_resp/com/baomidou/mybatis-plus-extension/3.5.1/mybatis-plus-extension-3.5.1.jar:/opt/homebrew/Cellar/maven/3.9.6/libexec/mvn_resp/com/baomidou/mybatis-plus-core/3.5.1/mybatis-plus-core-3.5.1.jar:/opt/homebrew/Cellar/maven/3.9.6/libexec/mvn_resp/com/baomidou/mybatis-plus-annotation/3.5.1/mybatis-plus-annotation-3.5.1.jar:/opt/homebrew/Cellar/maven/3.9.6/libexec/mvn_resp/com/github/jsqlparser/jsqlparser/4.3/jsqlparser-4.3.jar:/opt/homebrew/Cellar/maven/3.9.6/libexec/mvn_resp/org/mybatis/mybatis/3.5.9/mybatis-3.5.9.jar:/opt/homebrew/Cellar/maven/3.9.6/libexec/mvn_resp/org/mybatis/mybatis-spring/2.0.6/mybatis-spring-2.0.6.jar:/opt/homebrew/Cellar/maven/3.9.6/libexec/mvn_resp/org/springframework/boot/spring-boot-starter-jdbc/2.6.6/spring-boot-starter-jdbc-2.6.6.jar:/opt/homebrew/Cellar/maven/3.9.6/libexec/mvn_resp/com/zaxxer/HikariCP/4.0.3/HikariCP-4.0.3.jar:/opt/homebrew/Cellar/maven/3.9.6/libexec/mvn_resp/org/springframework/spring-jdbc/5.3.18/spring-jdbc-5.3.18.jar:/opt/homebrew/Cellar/maven/3.9.6/libexec/mvn_resp/com/baomidou/mybatis-plus-generator/3.5.2/mybatis-plus-generator-3.5.2.jar:/opt/homebrew/Cellar/maven/3.9.6/libexec/mvn_resp/org/freemarker/freemarker/2.3.31/freemarker-2.3.31.jar:/opt/homebrew/Cellar/maven/3.9.6/libexec/mvn_resp/com/mysql/mysql-connector-j/8.0.31/mysql-connector-j-8.0.31.jar:/opt/homebrew/Cellar/maven/3.9.6/libexec/mvn_resp/io/swagger/swagger-annotations/1.6.6/swagger-annotations-1.6.6.jar:/opt/homebrew/Cellar/maven/3.9.6/libexec/mvn_resp/io/jsonwebtoken/jjwt/0.9.1/jjwt-0.9.1.jar:/opt/homebrew/Cellar/maven/3.9.6/libexec/mvn_resp/com/fasterxml/jackson/core/jackson-databind/2.13.2.2/jackson-databind-2.13.2.2.jar:/opt/homebrew/Cellar/maven/3.9.6/libexec/mvn_resp/com/fasterxml/jackson/core/jackson-annotations/2.13.2/jackson-annotations-2.13.2.jar:/opt/homebrew/Cellar/maven/3.9.6/libexec/mvn_resp/com/fasterxml/jackson/core/jackson-core/2.13.2/jackson-core-2.13.2.jar:/opt/homebrew/Cellar/maven/3.9.6/libexec/mvn_resp/com/github/axet/kaptcha/0.0.9/kaptcha-0.0.9.jar:/opt/homebrew/Cellar/maven/3.9.6/libexec/mvn_resp/com/jhlabs/filters/2.0.235/filters-2.0.235.jar:/opt/homebrew/Cellar/maven/3.9.6/libexec/mvn_resp/cn/hutool/hutool-all/5.7.22/hutool-all-5.7.22.jar:/opt/homebrew/Cellar/maven/3.9.6/libexec/mvn_resp/org/apache/commons/commons-lang3/3.12.0/commons-lang3-3.12.0.jar:/opt/homebrew/Cellar/maven/3.9.6/libexec/mvn_resp/org/springframework/boot/spring-boot-starter-validation/2.6.6/spring-boot-starter-validation-2.6.6.jar:/opt/homebrew/Cellar/maven/3.9.6/libexec/mvn_resp/org/apache/tomcat/embed/tomcat-embed-el/9.0.60/tomcat-embed-el-9.0.60.jar:/opt/homebrew/Cellar/maven/3.9.6/libexec/mvn_resp/org/hibernate/validator/hibernate-validator/6.2.3.Final/hibernate-validator-6.2.3.Final.jar:/opt/homebrew/Cellar/maven/3.9.6/libexec/mvn_resp/jakarta/validation/jakarta.validation-api/2.0.2/jakarta.validation-api-2.0.2.jar:/opt/homebrew/Cellar/maven/3.9.6/libexec/mvn_resp/org/jboss/logging/jboss-logging/3.4.3.Final/jboss-logging-3.4.3.Final.jar:/opt/homebrew/Cellar/maven/3.9.6/libexec/mvn_resp/com/fasterxml/classmate/1.5.1/classmate-1.5.1.jar:"/>
    <property name="https.proxyPort" value="1082"/>
    <property name="java.vm.vendor" value="Oracle Corporation"/>
    <property name="sun.arch.data.model" value="64"/>
    <property name="java.vendor.url" value="http://java.oracle.com/"/>
    <property name="user.timezone" value=""/>
    <property name="java.vm.specification.version" value="1.8"/>
    <property name="os.name" value="Mac OS X"/>
    <property name="user.country" value="CN"/>
    <property name="sun.java.launcher" value="SUN_STANDARD"/>
    <property name="sun.boot.library.path" value="/Library/Java/JavaVirtualMachines/jdk1.8.0_361.jdk/Contents/Home/jre/lib"/>
    <property name="sun.java.command" value="/Users/wulinxin/Desktop/党建/2022059166-02 素材与源码/2022059166-02 素材与源码/国赛/2022059166-管理后台代码/vueadmin-java/vueadmin-java/target/surefire/surefirebooter5927579114789658504.jar /Users/wulinxin/Desktop/党建/2022059166-02 素材与源码/2022059166-02 素材与源码/国赛/2022059166-管理后台代码/vueadmin-java/vueadmin-java/target/surefire 2024-04-20T23-13-55_763-jvmRun1 surefire7130517511504058851tmp surefire_02494139145035368882tmp"/>
    <property name="http.nonProxyHosts" value="114.114.114.114.dns|*.114.114.114.114.dns|198.18.0.0/15|*.198.18.0.0/15"/>
    <property name="surefire.test.class.path" value="/Users/wulinxin/Desktop/党建/2022059166-02 素材与源码/2022059166-02 素材与源码/国赛/2022059166-管理后台代码/vueadmin-java/vueadmin-java/target/test-classes:/Users/wulinxin/Desktop/党建/2022059166-02 素材与源码/2022059166-02 素材与源码/国赛/2022059166-管理后台代码/vueadmin-java/vueadmin-java/target/classes:/opt/homebrew/Cellar/maven/3.9.6/libexec/mvn_resp/org/springframework/boot/spring-boot-starter-web/2.6.6/spring-boot-starter-web-2.6.6.jar:/opt/homebrew/Cellar/maven/3.9.6/libexec/mvn_resp/org/springframework/boot/spring-boot-starter/2.6.6/spring-boot-starter-2.6.6.jar:/opt/homebrew/Cellar/maven/3.9.6/libexec/mvn_resp/org/springframework/boot/spring-boot-starter-logging/2.6.6/spring-boot-starter-logging-2.6.6.jar:/opt/homebrew/Cellar/maven/3.9.6/libexec/mvn_resp/ch/qos/logback/logback-classic/1.2.11/logback-classic-1.2.11.jar:/opt/homebrew/Cellar/maven/3.9.6/libexec/mvn_resp/ch/qos/logback/logback-core/1.2.11/logback-core-1.2.11.jar:/opt/homebrew/Cellar/maven/3.9.6/libexec/mvn_resp/org/apache/logging/log4j/log4j-to-slf4j/2.17.2/log4j-to-slf4j-2.17.2.jar:/opt/homebrew/Cellar/maven/3.9.6/libexec/mvn_resp/org/apache/logging/log4j/log4j-api/2.17.2/log4j-api-2.17.2.jar:/opt/homebrew/Cellar/maven/3.9.6/libexec/mvn_resp/org/slf4j/jul-to-slf4j/1.7.36/jul-to-slf4j-1.7.36.jar:/opt/homebrew/Cellar/maven/3.9.6/libexec/mvn_resp/jakarta/annotation/jakarta.annotation-api/1.3.5/jakarta.annotation-api-1.3.5.jar:/opt/homebrew/Cellar/maven/3.9.6/libexec/mvn_resp/org/yaml/snakeyaml/1.29/snakeyaml-1.29.jar:/opt/homebrew/Cellar/maven/3.9.6/libexec/mvn_resp/org/springframework/boot/spring-boot-starter-json/2.6.6/spring-boot-starter-json-2.6.6.jar:/opt/homebrew/Cellar/maven/3.9.6/libexec/mvn_resp/com/fasterxml/jackson/datatype/jackson-datatype-jdk8/2.13.2/jackson-datatype-jdk8-2.13.2.jar:/opt/homebrew/Cellar/maven/3.9.6/libexec/mvn_resp/com/fasterxml/jackson/datatype/jackson-datatype-jsr310/2.13.2/jackson-datatype-jsr310-2.13.2.jar:/opt/homebrew/Cellar/maven/3.9.6/libexec/mvn_resp/com/fasterxml/jackson/module/jackson-module-parameter-names/2.13.2/jackson-module-parameter-names-2.13.2.jar:/opt/homebrew/Cellar/maven/3.9.6/libexec/mvn_resp/org/springframework/boot/spring-boot-starter-tomcat/2.6.6/spring-boot-starter-tomcat-2.6.6.jar:/opt/homebrew/Cellar/maven/3.9.6/libexec/mvn_resp/org/apache/tomcat/embed/tomcat-embed-core/9.0.60/tomcat-embed-core-9.0.60.jar:/opt/homebrew/Cellar/maven/3.9.6/libexec/mvn_resp/org/apache/tomcat/embed/tomcat-embed-websocket/9.0.60/tomcat-embed-websocket-9.0.60.jar:/opt/homebrew/Cellar/maven/3.9.6/libexec/mvn_resp/org/springframework/spring-web/5.3.18/spring-web-5.3.18.jar:/opt/homebrew/Cellar/maven/3.9.6/libexec/mvn_resp/org/springframework/spring-beans/5.3.18/spring-beans-5.3.18.jar:/opt/homebrew/Cellar/maven/3.9.6/libexec/mvn_resp/org/springframework/spring-webmvc/5.3.18/spring-webmvc-5.3.18.jar:/opt/homebrew/Cellar/maven/3.9.6/libexec/mvn_resp/org/springframework/spring-context/5.3.18/spring-context-5.3.18.jar:/opt/homebrew/Cellar/maven/3.9.6/libexec/mvn_resp/org/springframework/spring-expression/5.3.18/spring-expression-5.3.18.jar:/opt/homebrew/Cellar/maven/3.9.6/libexec/mvn_resp/org/springframework/boot/spring-boot-devtools/2.6.6/spring-boot-devtools-2.6.6.jar:/opt/homebrew/Cellar/maven/3.9.6/libexec/mvn_resp/org/springframework/boot/spring-boot/2.6.6/spring-boot-2.6.6.jar:/opt/homebrew/Cellar/maven/3.9.6/libexec/mvn_resp/org/springframework/boot/spring-boot-autoconfigure/2.6.6/spring-boot-autoconfigure-2.6.6.jar:/opt/homebrew/Cellar/maven/3.9.6/libexec/mvn_resp/org/springframework/boot/spring-boot-starter-security/2.6.6/spring-boot-starter-security-2.6.6.jar:/opt/homebrew/Cellar/maven/3.9.6/libexec/mvn_resp/org/springframework/spring-aop/5.3.18/spring-aop-5.3.18.jar:/opt/homebrew/Cellar/maven/3.9.6/libexec/mvn_resp/org/springframework/security/spring-security-config/5.6.2/spring-security-config-5.6.2.jar:/opt/homebrew/Cellar/maven/3.9.6/libexec/mvn_resp/org/springframework/security/spring-security-core/5.6.2/spring-security-core-5.6.2.jar:/opt/homebrew/Cellar/maven/3.9.6/libexec/mvn_resp/org/springframework/security/spring-security-crypto/5.6.2/spring-security-crypto-5.6.2.jar:/opt/homebrew/Cellar/maven/3.9.6/libexec/mvn_resp/org/springframework/security/spring-security-web/5.6.2/spring-security-web-5.6.2.jar:/opt/homebrew/Cellar/maven/3.9.6/libexec/mvn_resp/org/springframework/boot/spring-boot-starter-data-redis/2.6.6/spring-boot-starter-data-redis-2.6.6.jar:/opt/homebrew/Cellar/maven/3.9.6/libexec/mvn_resp/org/springframework/data/spring-data-redis/2.6.3/spring-data-redis-2.6.3.jar:/opt/homebrew/Cellar/maven/3.9.6/libexec/mvn_resp/org/springframework/data/spring-data-keyvalue/2.6.3/spring-data-keyvalue-2.6.3.jar:/opt/homebrew/Cellar/maven/3.9.6/libexec/mvn_resp/org/springframework/data/spring-data-commons/2.6.3/spring-data-commons-2.6.3.jar:/opt/homebrew/Cellar/maven/3.9.6/libexec/mvn_resp/org/springframework/spring-tx/5.3.18/spring-tx-5.3.18.jar:/opt/homebrew/Cellar/maven/3.9.6/libexec/mvn_resp/org/springframework/spring-oxm/5.3.18/spring-oxm-5.3.18.jar:/opt/homebrew/Cellar/maven/3.9.6/libexec/mvn_resp/org/springframework/spring-context-support/5.3.18/spring-context-support-5.3.18.jar:/opt/homebrew/Cellar/maven/3.9.6/libexec/mvn_resp/org/slf4j/slf4j-api/1.7.36/slf4j-api-1.7.36.jar:/opt/homebrew/Cellar/maven/3.9.6/libexec/mvn_resp/io/lettuce/lettuce-core/6.1.8.RELEASE/lettuce-core-6.1.8.RELEASE.jar:/opt/homebrew/Cellar/maven/3.9.6/libexec/mvn_resp/io/netty/netty-common/4.1.75.Final/netty-common-4.1.75.Final.jar:/opt/homebrew/Cellar/maven/3.9.6/libexec/mvn_resp/io/netty/netty-handler/4.1.75.Final/netty-handler-4.1.75.Final.jar:/opt/homebrew/Cellar/maven/3.9.6/libexec/mvn_resp/io/netty/netty-resolver/4.1.75.Final/netty-resolver-4.1.75.Final.jar:/opt/homebrew/Cellar/maven/3.9.6/libexec/mvn_resp/io/netty/netty-buffer/4.1.75.Final/netty-buffer-4.1.75.Final.jar:/opt/homebrew/Cellar/maven/3.9.6/libexec/mvn_resp/io/netty/netty-codec/4.1.75.Final/netty-codec-4.1.75.Final.jar:/opt/homebrew/Cellar/maven/3.9.6/libexec/mvn_resp/io/netty/netty-transport/4.1.75.Final/netty-transport-4.1.75.Final.jar:/opt/homebrew/Cellar/maven/3.9.6/libexec/mvn_resp/io/projectreactor/reactor-core/3.4.16/reactor-core-3.4.16.jar:/opt/homebrew/Cellar/maven/3.9.6/libexec/mvn_resp/org/reactivestreams/reactive-streams/1.0.3/reactive-streams-1.0.3.jar:/opt/homebrew/Cellar/maven/3.9.6/libexec/mvn_resp/org/projectlombok/lombok/1.18.22/lombok-1.18.22.jar:/opt/homebrew/Cellar/maven/3.9.6/libexec/mvn_resp/org/springframework/boot/spring-boot-starter-test/2.6.6/spring-boot-starter-test-2.6.6.jar:/opt/homebrew/Cellar/maven/3.9.6/libexec/mvn_resp/org/springframework/boot/spring-boot-test/2.6.6/spring-boot-test-2.6.6.jar:/opt/homebrew/Cellar/maven/3.9.6/libexec/mvn_resp/org/springframework/boot/spring-boot-test-autoconfigure/2.6.6/spring-boot-test-autoconfigure-2.6.6.jar:/opt/homebrew/Cellar/maven/3.9.6/libexec/mvn_resp/com/jayway/jsonpath/json-path/2.6.0/json-path-2.6.0.jar:/opt/homebrew/Cellar/maven/3.9.6/libexec/mvn_resp/net/minidev/json-smart/2.4.8/json-smart-2.4.8.jar:/opt/homebrew/Cellar/maven/3.9.6/libexec/mvn_resp/net/minidev/accessors-smart/2.4.8/accessors-smart-2.4.8.jar:/opt/homebrew/Cellar/maven/3.9.6/libexec/mvn_resp/org/ow2/asm/asm/9.1/asm-9.1.jar:/opt/homebrew/Cellar/maven/3.9.6/libexec/mvn_resp/jakarta/xml/bind/jakarta.xml.bind-api/2.3.3/jakarta.xml.bind-api-2.3.3.jar:/opt/homebrew/Cellar/maven/3.9.6/libexec/mvn_resp/jakarta/activation/jakarta.activation-api/1.2.2/jakarta.activation-api-1.2.2.jar:/opt/homebrew/Cellar/maven/3.9.6/libexec/mvn_resp/org/assertj/assertj-core/3.21.0/assertj-core-3.21.0.jar:/opt/homebrew/Cellar/maven/3.9.6/libexec/mvn_resp/org/hamcrest/hamcrest/2.2/hamcrest-2.2.jar:/opt/homebrew/Cellar/maven/3.9.6/libexec/mvn_resp/org/junit/jupiter/junit-jupiter/5.8.2/junit-jupiter-5.8.2.jar:/opt/homebrew/Cellar/maven/3.9.6/libexec/mvn_resp/org/junit/jupiter/junit-jupiter-api/5.8.2/junit-jupiter-api-5.8.2.jar:/opt/homebrew/Cellar/maven/3.9.6/libexec/mvn_resp/org/opentest4j/opentest4j/1.2.0/opentest4j-1.2.0.jar:/opt/homebrew/Cellar/maven/3.9.6/libexec/mvn_resp/org/junit/platform/junit-platform-commons/1.8.2/junit-platform-commons-1.8.2.jar:/opt/homebrew/Cellar/maven/3.9.6/libexec/mvn_resp/org/apiguardian/apiguardian-api/1.1.2/apiguardian-api-1.1.2.jar:/opt/homebrew/Cellar/maven/3.9.6/libexec/mvn_resp/org/junit/jupiter/junit-jupiter-params/5.8.2/junit-jupiter-params-5.8.2.jar:/opt/homebrew/Cellar/maven/3.9.6/libexec/mvn_resp/org/junit/jupiter/junit-jupiter-engine/5.8.2/junit-jupiter-engine-5.8.2.jar:/opt/homebrew/Cellar/maven/3.9.6/libexec/mvn_resp/org/junit/platform/junit-platform-engine/1.8.2/junit-platform-engine-1.8.2.jar:/opt/homebrew/Cellar/maven/3.9.6/libexec/mvn_resp/org/mockito/mockito-core/4.0.0/mockito-core-4.0.0.jar:/opt/homebrew/Cellar/maven/3.9.6/libexec/mvn_resp/net/bytebuddy/byte-buddy/1.11.22/byte-buddy-1.11.22.jar:/opt/homebrew/Cellar/maven/3.9.6/libexec/mvn_resp/net/bytebuddy/byte-buddy-agent/1.11.22/byte-buddy-agent-1.11.22.jar:/opt/homebrew/Cellar/maven/3.9.6/libexec/mvn_resp/org/objenesis/objenesis/3.2/objenesis-3.2.jar:/opt/homebrew/Cellar/maven/3.9.6/libexec/mvn_resp/org/mockito/mockito-junit-jupiter/4.0.0/mockito-junit-jupiter-4.0.0.jar:/opt/homebrew/Cellar/maven/3.9.6/libexec/mvn_resp/org/skyscreamer/jsonassert/1.5.0/jsonassert-1.5.0.jar:/opt/homebrew/Cellar/maven/3.9.6/libexec/mvn_resp/com/vaadin/external/google/android-json/0.0.20131108.vaadin1/android-json-0.0.20131108.vaadin1.jar:/opt/homebrew/Cellar/maven/3.9.6/libexec/mvn_resp/org/springframework/spring-core/5.3.18/spring-core-5.3.18.jar:/opt/homebrew/Cellar/maven/3.9.6/libexec/mvn_resp/org/springframework/spring-jcl/5.3.18/spring-jcl-5.3.18.jar:/opt/homebrew/Cellar/maven/3.9.6/libexec/mvn_resp/org/springframework/spring-test/5.3.18/spring-test-5.3.18.jar:/opt/homebrew/Cellar/maven/3.9.6/libexec/mvn_resp/org/xmlunit/xmlunit-core/2.8.4/xmlunit-core-2.8.4.jar:/opt/homebrew/Cellar/maven/3.9.6/libexec/mvn_resp/com/baomidou/mybatis-plus-boot-starter/3.5.1/mybatis-plus-boot-starter-3.5.1.jar:/opt/homebrew/Cellar/maven/3.9.6/libexec/mvn_resp/com/baomidou/mybatis-plus/3.5.1/mybatis-plus-3.5.1.jar:/opt/homebrew/Cellar/maven/3.9.6/libexec/mvn_resp/com/baomidou/mybatis-plus-extension/3.5.1/mybatis-plus-extension-3.5.1.jar:/opt/homebrew/Cellar/maven/3.9.6/libexec/mvn_resp/com/baomidou/mybatis-plus-core/3.5.1/mybatis-plus-core-3.5.1.jar:/opt/homebrew/Cellar/maven/3.9.6/libexec/mvn_resp/com/baomidou/mybatis-plus-annotation/3.5.1/mybatis-plus-annotation-3.5.1.jar:/opt/homebrew/Cellar/maven/3.9.6/libexec/mvn_resp/com/github/jsqlparser/jsqlparser/4.3/jsqlparser-4.3.jar:/opt/homebrew/Cellar/maven/3.9.6/libexec/mvn_resp/org/mybatis/mybatis/3.5.9/mybatis-3.5.9.jar:/opt/homebrew/Cellar/maven/3.9.6/libexec/mvn_resp/org/mybatis/mybatis-spring/2.0.6/mybatis-spring-2.0.6.jar:/opt/homebrew/Cellar/maven/3.9.6/libexec/mvn_resp/org/springframework/boot/spring-boot-starter-jdbc/2.6.6/spring-boot-starter-jdbc-2.6.6.jar:/opt/homebrew/Cellar/maven/3.9.6/libexec/mvn_resp/com/zaxxer/HikariCP/4.0.3/HikariCP-4.0.3.jar:/opt/homebrew/Cellar/maven/3.9.6/libexec/mvn_resp/org/springframework/spring-jdbc/5.3.18/spring-jdbc-5.3.18.jar:/opt/homebrew/Cellar/maven/3.9.6/libexec/mvn_resp/com/baomidou/mybatis-plus-generator/3.5.2/mybatis-plus-generator-3.5.2.jar:/opt/homebrew/Cellar/maven/3.9.6/libexec/mvn_resp/org/freemarker/freemarker/2.3.31/freemarker-2.3.31.jar:/opt/homebrew/Cellar/maven/3.9.6/libexec/mvn_resp/com/mysql/mysql-connector-j/8.0.31/mysql-connector-j-8.0.31.jar:/opt/homebrew/Cellar/maven/3.9.6/libexec/mvn_resp/io/swagger/swagger-annotations/1.6.6/swagger-annotations-1.6.6.jar:/opt/homebrew/Cellar/maven/3.9.6/libexec/mvn_resp/io/jsonwebtoken/jjwt/0.9.1/jjwt-0.9.1.jar:/opt/homebrew/Cellar/maven/3.9.6/libexec/mvn_resp/com/fasterxml/jackson/core/jackson-databind/2.13.2.2/jackson-databind-2.13.2.2.jar:/opt/homebrew/Cellar/maven/3.9.6/libexec/mvn_resp/com/fasterxml/jackson/core/jackson-annotations/2.13.2/jackson-annotations-2.13.2.jar:/opt/homebrew/Cellar/maven/3.9.6/libexec/mvn_resp/com/fasterxml/jackson/core/jackson-core/2.13.2/jackson-core-2.13.2.jar:/opt/homebrew/Cellar/maven/3.9.6/libexec/mvn_resp/com/github/axet/kaptcha/0.0.9/kaptcha-0.0.9.jar:/opt/homebrew/Cellar/maven/3.9.6/libexec/mvn_resp/com/jhlabs/filters/2.0.235/filters-2.0.235.jar:/opt/homebrew/Cellar/maven/3.9.6/libexec/mvn_resp/cn/hutool/hutool-all/5.7.22/hutool-all-5.7.22.jar:/opt/homebrew/Cellar/maven/3.9.6/libexec/mvn_resp/org/apache/commons/commons-lang3/3.12.0/commons-lang3-3.12.0.jar:/opt/homebrew/Cellar/maven/3.9.6/libexec/mvn_resp/org/springframework/boot/spring-boot-starter-validation/2.6.6/spring-boot-starter-validation-2.6.6.jar:/opt/homebrew/Cellar/maven/3.9.6/libexec/mvn_resp/org/apache/tomcat/embed/tomcat-embed-el/9.0.60/tomcat-embed-el-9.0.60.jar:/opt/homebrew/Cellar/maven/3.9.6/libexec/mvn_resp/org/hibernate/validator/hibernate-validator/6.2.3.Final/hibernate-validator-6.2.3.Final.jar:/opt/homebrew/Cellar/maven/3.9.6/libexec/mvn_resp/jakarta/validation/jakarta.validation-api/2.0.2/jakarta.validation-api-2.0.2.jar:/opt/homebrew/Cellar/maven/3.9.6/libexec/mvn_resp/org/jboss/logging/jboss-logging/3.4.3.Final/jboss-logging-3.4.3.Final.jar:/opt/homebrew/Cellar/maven/3.9.6/libexec/mvn_resp/com/fasterxml/classmate/1.5.1/classmate-1.5.1.jar:"/>
    <property name="sun.cpu.endian" value="little"/>
    <property name="user.home" value="/Users/wulinxin"/>
    <property name="user.language" value="zh"/>
    <property name="java.specification.vendor" value="Oracle Corporation"/>
    <property name="java.home" value="/Library/Java/JavaVirtualMachines/jdk1.8.0_361.jdk/Contents/Home/jre"/>
    <property name="basedir" value="/Users/wulinxin/Desktop/党建/2022059166-02 素材与源码/2022059166-02 素材与源码/国赛/2022059166-管理后台代码/vueadmin-java/vueadmin-java"/>
    <property name="https.proxyHost" value="127.0.0.1"/>
    <property name="file.separator" value="/"/>
    <property name="line.separator" value="&#10;"/>
    <property name="java.vm.specification.vendor" value="Oracle Corporation"/>
    <property name="java.specification.name" value="Java Platform API Specification"/>
    <property name="java.awt.graphicsenv" value="sun.awt.CGraphicsEnvironment"/>
    <property name="surefire.real.class.path" value="/Users/wulinxin/Desktop/党建/2022059166-02 素材与源码/2022059166-02 素材与源码/国赛/2022059166-管理后台代码/vueadmin-java/vueadmin-java/target/surefire/surefirebooter5927579114789658504.jar"/>
    <property name="sun.boot.class.path" value="/Library/Java/JavaVirtualMachines/jdk1.8.0_361.jdk/Contents/Home/jre/lib/resources.jar:/Library/Java/JavaVirtualMachines/jdk1.8.0_361.jdk/Contents/Home/jre/lib/rt.jar:/Library/Java/JavaVirtualMachines/jdk1.8.0_361.jdk/Contents/Home/jre/lib/jsse.jar:/Library/Java/JavaVirtualMachines/jdk1.8.0_361.jdk/Contents/Home/jre/lib/jce.jar:/Library/Java/JavaVirtualMachines/jdk1.8.0_361.jdk/Contents/Home/jre/lib/charsets.jar:/Library/Java/JavaVirtualMachines/jdk1.8.0_361.jdk/Contents/Home/jre/lib/jfr.jar:/Library/Java/JavaVirtualMachines/jdk1.8.0_361.jdk/Contents/Home/jre/classes"/>
    <property name="sun.management.compiler" value="HotSpot 64-Bit Tiered Compilers"/>
    <property name="ftp.nonProxyHosts" value="114.114.114.114.dns|*.114.114.114.114.dns|198.18.0.0/15|*.198.18.0.0/15"/>
    <property name="java.runtime.version" value="1.8.0_361-b09"/>
    <property name="user.name" value="wulinxin"/>
    <property name="path.separator" value=":"/>
    <property name="os.version" value="13.3.1"/>
    <property name="java.endorsed.dirs" value="/Library/Java/JavaVirtualMachines/jdk1.8.0_361.jdk/Contents/Home/jre/lib/endorsed"/>
    <property name="java.runtime.name" value="Java(TM) SE Runtime Environment"/>
    <property name="file.encoding" value="UTF-8"/>
    <property name="java.vm.name" value="Java HotSpot(TM) 64-Bit Server VM"/>
    <property name="localRepository" value="/opt/homebrew/Cellar/maven/3.9.6/libexec/mvn_resp"/>
    <property name="java.vendor.url.bug" value="http://bugreport.sun.com/bugreport/"/>
    <property name="java.io.tmpdir" value="/var/folders/09/bvxzlvw93xz8rjb6fz_b9k9h0000gn/T/"/>
    <property name="idea.version" value="2023.3.6"/>
    <property name="java.version" value="1.8.0_361"/>
    <property name="user.dir" value="/Users/wulinxin/Desktop/党建/2022059166-02 素材与源码/2022059166-02 素材与源码/国赛/2022059166-管理后台代码/vueadmin-java/vueadmin-java"/>
    <property name="os.arch" value="x86_64"/>
    <property name="java.vm.specification.name" value="Java Virtual Machine Specification"/>
    <property name="java.awt.printerjob" value="sun.lwawt.macosx.CPrinterJob"/>
    <property name="sun.os.patch.level" value="unknown"/>
    <property name="java.library.path" value="/Users/wulinxin/Library/Java/Extensions:/Library/Java/Extensions:/Network/Library/Java/Extensions:/System/Library/Java/Extensions:/usr/lib/java:."/>
    <property name="java.vm.info" value="mixed mode"/>
    <property name="java.vendor" value="Oracle Corporation"/>
    <property name="java.vm.version" value="25.361-b09"/>
    <property name="java.specification.maintenance.version" value="4"/>
    <property name="java.ext.dirs" value="/Users/wulinxin/Library/Java/Extensions:/Library/Java/JavaVirtualMachines/jdk1.8.0_361.jdk/Contents/Home/jre/lib/ext:/Library/Java/Extensions:/Network/Library/Java/Extensions:/System/Library/Java/Extensions:/usr/lib/java"/>
    <property name="sun.io.unicode.encoding" value="UnicodeBig"/>
    <property name="maven.repo.local" value="/opt/homebrew/Cellar/maven/3.9.6/libexec/mvn_resp"/>
    <property name="java.class.version" value="52.0"/>
    <property name="socksNonProxyHosts" value="114.114.114.114.dns|*.114.114.114.114.dns|198.18.0.0/15|*.198.18.0.0/15"/>
    <property name="http.proxyPort" value="1082"/>
  </properties>
  <testcase name="contextLoads" classname="com.zjj.VueadminJavaApplicationTests" time="0.362"/>
</testsuite>